0 info it worked if it ends with ok
1 verbose cli [ 'node', '/usr/local/bin/npm', 'install', '-g', 'n', '0.12.6' ]
2 info using npm@1.3.24
3 info using node@v0.10.25
4 verbose cache add [ 'n', null ]
5 verbose cache add name=undefined spec="n" args=["n",null]
6 verbose parsed url { protocol: null,
6 verbose parsed url   slashes: null,
6 verbose parsed url   auth: null,
6 verbose parsed url   host: null,
6 verbose parsed url   port: null,
6 verbose parsed url   hostname: null,
6 verbose parsed url   hash: null,
6 verbose parsed url   search: null,
6 verbose parsed url   query: null,
6 verbose parsed url   pathname: 'n',
6 verbose parsed url   path: 'n',
6 verbose parsed url   href: 'n' }
7 verbose cache add [ '0.12.6', null ]
8 verbose cache add name=undefined spec="0.12.6" args=["0.12.6",null]
9 verbose parsed url { protocol: null,
9 verbose parsed url   slashes: null,
9 verbose parsed url   auth: null,
9 verbose parsed url   host: null,
9 verbose parsed url   port: null,
9 verbose parsed url   hostname: null,
9 verbose parsed url   hash: null,
9 verbose parsed url   search: null,
9 verbose parsed url   query: null,
9 verbose parsed url   pathname: '0.12.6',
9 verbose parsed url   path: '0.12.6',
9 verbose parsed url   href: '0.12.6' }
10 silly lockFile d1854cae-n n
11 verbose lock n /Users/admin/.npm/d1854cae-n.lock
12 silly lockFile 02736833-0-12-6 0.12.6
13 verbose lock 0.12.6 /Users/admin/.npm/02736833-0-12-6.lock
14 silly lockFile d1854cae-n n
15 silly lockFile d1854cae-n n
16 silly lockFile 02736833-0-12-6 0.12.6
17 silly lockFile 02736833-0-12-6 0.12.6
18 verbose addNamed [ 'n', '' ]
19 verbose addNamed [ null, '*' ]
20 silly lockFile 6b58d7dc-n n@
21 verbose lock n@ /Users/admin/.npm/6b58d7dc-n.lock
22 verbose addNamed [ '0.12.6', '' ]
23 verbose addNamed [ null, '*' ]
24 silly lockFile 8cf08005-0-12-6 0.12.6@
25 verbose lock 0.12.6@ /Users/admin/.npm/8cf08005-0-12-6.lock
26 silly addNameRange { name: 'n', range: '*', hasData: false }
27 silly addNameRange { name: '0.12.6', range: '*', hasData: false }
28 verbose url raw 0.12.6
29 verbose url resolving [ 'https://registry.npmjs.org/', './0.12.6' ]
30 verbose url resolved https://registry.npmjs.org/0.12.6
31 info trying registry request attempt 1 at 12:42:28
32 http GET https://registry.npmjs.org/0.12.6
33 verbose url raw n
34 verbose url resolving [ 'https://registry.npmjs.org/', './n' ]
35 verbose url resolved https://registry.npmjs.org/n
36 info trying registry request attempt 1 at 12:42:28
37 verbose etag "BCW2QAHEQFFAYVODGQ5DN6P4Q"
38 http GET https://registry.npmjs.org/n
39 http 404 https://registry.npmjs.org/0.12.6
40 silly registry.get cb [ 404,
40 silly registry.get   { server: 'CouchDB/1.5.0 (Erlang OTP/R16B03)',
40 silly registry.get     'content-type': 'application/json',
40 silly registry.get     'cache-control': 'max-age=0',
40 silly registry.get     'content-length': '51',
40 silly registry.get     'accept-ranges': 'bytes',
40 silly registry.get     date: 'Wed, 08 Jul 2015 07:12:24 GMT',
40 silly registry.get     via: '1.1 varnish',
40 silly registry.get     age: '0',
40 silly registry.get     connection: 'keep-alive',
40 silly registry.get     'x-served-by': 'cache-lcy1130-LCY',
40 silly registry.get     'x-cache': 'MISS',
40 silly registry.get     'x-cache-hits': '0',
40 silly registry.get     'x-timer': 'S1436339544.179704,VS0,VE176' } ]
41 silly lockFile 8cf08005-0-12-6 0.12.6@
42 silly lockFile 8cf08005-0-12-6 0.12.6@
43 error 404 '0.12.6' is not in the npm registry.
43 error 404 You should bug the author to publish it
43 error 404
43 error 404 Note that you can also install from a
43 error 404 tarball, folder, or http url, or git url.
44 error System Darwin 14.4.0
45 error command "node" "/usr/local/bin/npm" "install" "-g" "n" "0.12.6"
46 error cwd /Users/admin/Documents/ionic/just/starter
47 error node -v v0.10.25
48 error npm -v 1.3.24
49 error code E404
50 verbose exit [ 1, true ]
